
ROM used:   60/8192 (1%)
            60/8192 (1%) including unused fragments

            0.1 Average locations per line
            10.0 Average locations per statement

RAM used:   6/368 (2%) at main() level
            7/368 (2%) worst case

Stack used: 0 worst case (0 in main + 0 for interrupts)
Stack size: 8

Lines Stmts  %   Files
----- ----- ---  -----
   15     6 100  main.c
    5     0   0  main.h
  685     0   0  ..\..\..\..\..\..\Program Files (x86)\PICC\Devices\16F877A.h
----- -----
  705     6 Total

Page ROM  %  RAM    Vol Diff  Functions:
---- --- --- ---    --- ----  ----------
0     20  33    1     86  1.6  @delay_ms2
0     36  60    1     86  1.6  main
 Inline         0             @cinit1

Program metrics:
    Functions               2
    Statements              6
    Comments                126
    Volume (V)              218
    Difficulty (D)          3.1
    Effort to implement (E) 682
    Time to implement (T)   1 minutes
    Est Delivered Bugs (B)  0
    Cyclomatic Complexity   1
    Maintainability (MI)    115

 Segment     Used  Free
-----------  ----  ----
00000-00003     4  0  
00004-007FF    56  1988  
00800-00FFF     0  2048  
01000-017FF     0  2048  
01800-01FFF     0  2048  



