
ROM used:   56/8192 (1%)
            56/8192 (1%) including unused fragments

            0.1 Average locations per line
            9.3 Average locations per statement

RAM used:   5/368 (1%) at main() level
            6/368 (2%) worst case

Stack used: 0 worst case (0 in main + 0 for interrupts)
Stack size: 8

Lines Stmts  %   Files
----- ----- ---  -----
   15     6 100  main.c
    5     0   0  main.h
  685     0   0  ..\..\..\..\..\..\Program Files (x86)\PICC\Devices\16F877A.h
----- -----
  705     6 Total

Page ROM  %  RAM    Vol Diff  Functions:
---- --- --- ---    --- ----  ----------
0     24  43    1             @delay_ms1
0     28  50    0    108  2.1  main
 Inline         0             @cinit1

Program metrics:
    Functions               1
    Statements              6
    Comments                124
    Volume (V)              112
    Difficulty (D)          1.8
    Effort to implement (E) 206
    Time to implement (T)   0 minutes
    Est Delivered Bugs (B)  0
    Cyclomatic Complexity   1
    Maintainability (MI)    67

 Segment     Used  Free
-----------  ----  ----
00000-00003     4  0  
00004-007FF    52  1992  
00800-00FFF     0  2048  
01000-017FF     0  2048  
01800-01FFF     0  2048  



